[14:33:09.220] REQ GET https://nbafantasy.cda1234567.com/api/personas
[14:33:09.442] RSP 200 https://nbafantasy.cda1234567.com/api/personas
[14:33:09.443] REQ GET https://nbafantasy.cda1234567.com/api/league/status
[14:33:09.444] REQ GET https://nbafantasy.cda1234567.com/api/league/settings
[14:33:09.444] REQ GET https://nbafantasy.cda1234567.com/api/seasons/list
[14:33:09.583] RSP 200 https://nbafantasy.cda1234567.com/api/league/status
[14:33:09.644] RSP 200 https://nbafantasy.cda1234567.com/api/seasons/list
[14:33:09.657] RSP 200 https://nbafantasy.cda1234567.com/api/league/settings
[14:33:09.658] REQ GET https://nbafantasy.cda1234567.com/api/leagues/list
[14:33:09.801] RSP 200 https://nbafantasy.cda1234567.com/api/leagues/list
[14:33:09.803] REQ GET https://nbafantasy.cda1234567.com/api/state
[14:33:09.936] RSP 200 https://nbafantasy.cda1234567.com/api/state
[14:33:09.938] REQ GET https://nbafantasy.cda1234567.com/api/season/standings
[14:33:09.939] REQ GET https://nbafantasy.cda1234567.com/api/season/schedule
[14:33:10.078] RSP 200 https://nbafantasy.cda1234567.com/api/season/standings
[14:33:10.081] RSP 200 https://nbafantasy.cda1234567.com/api/season/schedule
[14:33:10.082] REQ GET https://nbafantasy.cda1234567.com/api/season/lineup-alerts
[14:33:10.216] RSP 200 https://nbafantasy.cda1234567.com/api/season/lineup-alerts
[14:33:10.270] REQ GET https://nbafantasy.cda1234567.com/api/players?available=true&sort=fppg&limit=80
[14:33:10.271] REQ GET https://nbafantasy.cda1234567.com/api/seasons/2025-26/headlines
[14:33:10.365] RSP 200 https://nbafantasy.cda1234567.com/api/seasons/2025-26/headlines
[14:33:10.366] RSP 200 https://nbafantasy.cda1234567.com/api/players?available=true&sort=fppg&limit=80
[14:33:11.724] REQ POST https://nbafantasy.cda1234567.com/api/draft/ai-advance
[14:33:11.801] REQ POST https://nbafantasy.cda1234567.com/api/leagues/create
[14:33:11.890] RSP 200 https://nbafantasy.cda1234567.com/api/draft/ai-advance
[14:33:11.945] RSP 200 https://nbafantasy.cda1234567.com/api/leagues/create
[14:33:12.307] REQ GET https://nbafantasy.cda1234567.com/api/personas
[14:33:12.314] RSP 200 https://nbafantasy.cda1234567.com/api/personas
[14:33:12.315] REQ GET https://nbafantasy.cda1234567.com/api/league/status
[14:33:12.315] REQ GET https://nbafantasy.cda1234567.com/api/league/settings
[14:33:12.316] REQ GET https://nbafantasy.cda1234567.com/api/seasons/list
[14:33:12.535] RSP 200 https://nbafantasy.cda1234567.com/api/league/status
[14:33:12.536] RSP 200 https://nbafantasy.cda1234567.com/api/seasons/list
[14:33:12.537] RSP 200 https://nbafantasy.cda1234567.com/api/league/settings
[14:33:12.538] REQ GET https://nbafantasy.cda1234567.com/api/leagues/list
[14:33:12.738] RSP 200 https://nbafantasy.cda1234567.com/api/leagues/list
[14:33:12.739] REQ GET https://nbafantasy.cda1234567.com/api/state
[14:33:12.904] RSP 200 https://nbafantasy.cda1234567.com/api/state
[14:33:12.905] REQ GET https://nbafantasy.cda1234567.com/api/season/standings
[14:33:12.906] REQ GET https://nbafantasy.cda1234567.com/api/season/schedule
[14:33:13.094] RSP 200 https://nbafantasy.cda1234567.com/api/season/standings
[14:33:13.095] RSP 200 https://nbafantasy.cda1234567.com/api/season/schedule
[14:33:13.095] REQ GET https://nbafantasy.cda1234567.com/api/season/lineup-alerts
[14:33:13.236] RSP 200 https://nbafantasy.cda1234567.com/api/season/lineup-alerts
[14:33:13.716] REQ POST https://nbafantasy.cda1234567.com/api/league/setup
[14:33:13.917] RSP 200 https://nbafantasy.cda1234567.com/api/league/setup
[14:33:13.919] REQ GET https://nbafantasy.cda1234567.com/api/league/status
[14:33:13.920] REQ GET https://nbafantasy.cda1234567.com/api/league/settings
[14:33:14.062] RSP 200 https://nbafantasy.cda1234567.com/api/league/status
[14:33:14.062] RSP 200 https://nbafantasy.cda1234567.com/api/league/settings
[14:33:14.091] REQ GET https://nbafantasy.cda1234567.com/api/state
[14:33:14.224] RSP 200 https://nbafantasy.cda1234567.com/api/state
[14:33:14.227] REQ GET https://nbafantasy.cda1234567.com/api/season/standings
[14:33:14.227] REQ GET https://nbafantasy.cda1234567.com/api/season/schedule
[14:33:14.366] RSP 200 https://nbafantasy.cda1234567.com/api/season/schedule
[14:33:14.368] RSP 200 https://nbafantasy.cda1234567.com/api/season/standings
[14:33:14.371] REQ GET https://nbafantasy.cda1234567.com/api/season/lineup-alerts
[14:33:14.501] RSP 200 https://nbafantasy.cda1234567.com/api/season/lineup-alerts
[14:33:14.507] REQ GET https://nbafantasy.cda1234567.com/api/players?available=true&sort=fppg&limit=80
[14:33:14.507] REQ GET https://nbafantasy.cda1234567.com/api/seasons/2025-26/headlines
[14:33:14.509] RSP 200 https://nbafantasy.cda1234567.com/api/players?available=true&sort=fppg&limit=80
[14:33:14.646] RSP 200 https://nbafantasy.cda1234567.com/api/seasons/2025-26/headlines
[14:33:14.971] REQ POST https://nbafantasy.cda1234567.com/api/draft/pick
[14:33:15.112] RSP 200 https://nbafantasy.cda1234567.com/api/draft/pick
[14:33:15.116] REQ GET https://nbafantasy.cda1234567.com/api/players?available=true&sort=fppg&limit=80
[14:33:15.117] REQ GET https://nbafantasy.cda1234567.com/api/seasons/2025-26/headlines
[14:33:15.119] RSP 200 https://nbafantasy.cda1234567.com/api/players?available=true&sort=fppg&limit=80
[14:33:15.250] RSP 200 https://nbafantasy.cda1234567.com/api/seasons/2025-26/headlines
[14:33:16.625] REQ POST https://nbafantasy.cda1234567.com/api/draft/ai-advance
[14:33:16.771] RSP 200 https://nbafantasy.cda1234567.com/api/draft/ai-advance
[14:33:16.776] REQ GET https://nbafantasy.cda1234567.com/api/players?available=true&sort=fppg&limit=80
[14:33:16.778] REQ GET https://nbafantasy.cda1234567.com/api/seasons/2025-26/headlines
[14:33:16.779] RSP 200 https://nbafantasy.cda1234567.com/api/players?available=true&sort=fppg&limit=80
[14:33:16.914] RSP 200 https://nbafantasy.cda1234567.com/api/seasons/2025-26/headlines